<?xml version="1.0" encoding="UTF-8"?>
<!-- Generated by org.testng.reporters.JUnitReportReporter -->
<testsuite skipped="0" hostname="ajay" name="com.appium.test.TestCase2" tests="1" failures="0" timestamp="19 Jan 2018 12:57:42 GMT" time="0.665" errors="0">
  <testcase name="ContactScroll" time="0.665" classname="com.appium.test.TestCase2"/>
</testsuite> <!-- com.appium.test.TestCase2 -->
