<?xml version="1.0" encoding="UTF-8"?>
<!-- Generated by org.testng.reporters.JUnitReportReporter -->
<testsuite skipped="0" hostname="ajay" name="com.appium.test.TestCase1" tests="1" failures="0" timestamp="19 Jan 2018 06:25:12 GMT" time="113.996" errors="0">
  <testcase name="NTES" time="113.996" classname="com.appium.test.TestCase1"/>
</testsuite> <!-- com.appium.test.TestCase1 -->
